2025-01-29 08:05:03.780 - pandora.flipmount.FIO01 - INFO - Initializing FlipMountState FIO01.
2025-01-29 08:05:03.780 - pandora.flipmount.FIO01 - INFO - State changed to idle
2025-01-29 08:05:03.780 - pandora.flipmount.FIO01 - INFO - Querying Flip Mount state FIO01.
2025-01-29 08:05:03.785 - pandora.flipmount.FIO01 - INFO - State changed to on
2025-01-29 08:05:25.541 - pandora.flipmount.FIO01 - INFO - Initializing FlipMountState FIO01.
2025-01-29 08:05:25.541 - pandora.flipmount.FIO01 - INFO - State changed to idle
2025-01-29 08:05:25.541 - pandora.flipmount.FIO01 - INFO - Querying Flip Mount state FIO01.
2025-01-29 08:05:25.546 - pandora.flipmount.FIO01 - INFO - State changed to on
2025-01-29 08:05:25.546 - pandora.flipmount.FIO01 - INFO - Flip Mount is already activated FIO01.
2025-01-29 08:05:25.546 - pandora.flipmount.FIO01 - INFO - Deactivating Flip Mount FIO01.
2025-01-29 08:05:25.547 - pandora.flipmount.FIO01 - INFO - State changed to off
2025-01-29 08:05:40.976 - pandora.flipmount.FIO01 - INFO - Initializing FlipMountState FIO01.
2025-01-29 08:05:40.976 - pandora.flipmount.FIO01 - INFO - State changed to idle
2025-01-29 08:05:40.976 - pandora.flipmount.FIO01 - INFO - Querying Flip Mount state FIO01.
2025-01-29 08:05:40.981 - pandora.flipmount.FIO01 - INFO - State changed to on
2025-01-29 08:05:40.981 - pandora.flipmount.FIO01 - INFO - Flip Mount is already activated FIO01.
2025-01-29 08:05:40.981 - pandora.flipmount.FIO01 - INFO - Deactivating Flip Mount FIO01.
2025-01-29 08:05:40.982 - pandora.flipmount.FIO01 - INFO - State changed to off
2025-01-29 08:05:40.982 - pandora.flipmount.FIO01 - INFO - Querying Flip Mount state FIO01.
2025-01-29 08:05:40.982 - pandora.flipmount.FIO01 - INFO - State changed to on
2025-01-29 08:06:15.694 - pandora.flipmount.FIO01 - INFO - Initializing FlipMountState FIO01.
2025-01-29 08:06:15.694 - pandora.flipmount.FIO01 - INFO - State changed to idle
2025-01-29 08:06:15.694 - pandora.flipmount.FIO01 - INFO - Querying Flip Mount state FIO01.
2025-01-29 08:06:15.699 - pandora.flipmount.FIO01 - INFO - State changed to on
2025-01-29 08:06:15.699 - pandora.flipmount.FIO01 - INFO - Flip Mount is already activated FIO01.
2025-01-29 08:06:15.699 - pandora.flipmount.FIO01 - INFO - Deactivating Flip Mount FIO01.
2025-01-29 08:06:15.699 - pandora.flipmount.FIO01 - INFO - State changed to off
2025-01-29 08:06:15.805 - pandora.flipmount.FIO01 - INFO - Querying Flip Mount state FIO01.
2025-01-29 08:06:15.805 - pandora.flipmount.FIO01 - INFO - State changed to on
2025-01-29 08:06:24.401 - pandora.flipmount.FIO01 - INFO - Initializing FlipMountState FIO01.
2025-01-29 08:06:24.401 - pandora.flipmount.FIO01 - INFO - State changed to idle
2025-01-29 08:06:24.401 - pandora.flipmount.FIO01 - INFO - Querying Flip Mount state FIO01.
2025-01-29 08:06:24.406 - pandora.flipmount.FIO01 - INFO - State changed to on
2025-01-29 08:06:24.406 - pandora.flipmount.FIO01 - INFO - Flip Mount is already activated FIO01.
2025-01-29 08:06:24.406 - pandora.flipmount.FIO01 - INFO - Deactivating Flip Mount FIO01.
2025-01-29 08:06:24.406 - pandora.flipmount.FIO01 - INFO - State changed to off
2025-01-29 08:06:24.512 - pandora.flipmount.FIO01 - INFO - Querying Flip Mount state FIO01.
2025-01-29 08:06:24.512 - pandora.flipmount.FIO01 - INFO - State changed to on
2025-01-29 08:06:41.443 - pandora.flipmount.FIO01 - INFO - Initializing FlipMountState FIO01.
2025-01-29 08:06:41.443 - pandora.flipmount.FIO01 - INFO - State changed to idle
2025-01-29 08:06:41.443 - pandora.flipmount.FIO01 - INFO - Querying Flip Mount state FIO01.
2025-01-29 08:06:41.448 - pandora.flipmount.FIO01 - INFO - State changed to on
2025-01-29 08:06:41.448 - pandora.flipmount.FIO01 - INFO - Flip Mount is already activated FIO01.
2025-01-29 08:06:41.553 - pandora.flipmount.FIO01 - INFO - Deactivating Flip Mount FIO01.
2025-01-29 08:06:41.553 - pandora.flipmount.FIO01 - INFO - State changed to off
2025-01-29 08:06:41.659 - pandora.flipmount.FIO01 - INFO - Querying Flip Mount state FIO01.
2025-01-29 08:06:41.660 - pandora.flipmount.FIO01 - INFO - State changed to on
2025-01-29 08:08:48.076 - pandora.flipmount.FIO01 - INFO - Initializing FlipMountState FIO01.
2025-01-29 08:08:48.076 - pandora.flipmount.FIO01 - INFO - State changed to idle
2025-01-29 08:08:48.076 - pandora.flipmount.FIO01 - INFO - Querying Flip Mount state FIO01.
2025-01-29 08:08:48.081 - pandora.flipmount.FIO01 - INFO - State changed to on
2025-01-29 08:08:48.081 - pandora.flipmount.FIO01 - INFO - Flip Mount is already activated FIO01.
2025-01-29 08:08:48.186 - pandora.flipmount.FIO01 - INFO - Deactivating Flip Mount FIO01.
2025-01-29 08:08:48.187 - pandora.flipmount.FIO01 - INFO - State changed to off
2025-01-29 08:08:48.292 - pandora.flipmount.FIO01 - INFO - Querying Flip Mount state FIO01.
2025-01-29 08:08:48.293 - pandora.flipmount.FIO01 - INFO - State changed to on
2025-01-29 08:09:13.825 - pandora.flipmount.FIO01 - INFO - Initializing FlipMountState FIO01.
2025-01-29 08:09:13.825 - pandora.flipmount.FIO01 - INFO - State changed to idle
2025-01-29 08:09:13.825 - pandora.flipmount.FIO01 - INFO - Querying Flip Mount state FIO01.
2025-01-29 08:09:13.830 - pandora.flipmount.FIO01 - INFO - State changed to on
2025-01-29 08:09:13.830 - pandora.flipmount.FIO01 - INFO - Flip Mount is already activated FIO01.
2025-01-29 08:09:13.935 - pandora.flipmount.FIO01 - INFO - Deactivating Flip Mount FIO01.
2025-01-29 08:09:13.936 - pandora.flipmount.FIO01 - INFO - State changed to off
2025-01-29 08:09:14.041 - pandora.flipmount.FIO01 - INFO - Querying Flip Mount state FIO01.
2025-01-29 08:09:14.042 - pandora.flipmount.FIO01 - INFO - State changed to on
2025-01-29 08:10:12.623 - pandora.flipmount.FIO1 - INFO - Initializing FlipMountState FIO1.
2025-01-29 08:10:12.623 - pandora.flipmount.FIO1 - INFO - State changed to idle
2025-01-29 08:10:12.624 - pandora.flipmount.FIO1 - INFO - Querying Flip Mount state FIO1.
2025-01-29 08:10:12.628 - pandora.flipmount.FIO1 - INFO - State changed to off
2025-01-29 08:10:12.628 - pandora.flipmount.FIO1 - INFO - Activating Flip Mount FIO1.
2025-01-29 08:10:12.629 - pandora.flipmount.FIO1 - INFO - State changed to on
2025-01-29 08:10:12.734 - pandora.flipmount.FIO1 - INFO - Deactivating Flip Mount FIO1.
2025-01-29 08:10:12.735 - pandora.flipmount.FIO1 - INFO - State changed to off
2025-01-29 08:10:12.840 - pandora.flipmount.FIO1 - INFO - Querying Flip Mount state FIO1.
2025-01-29 08:10:12.841 - pandora.flipmount.FIO1 - INFO - State changed to on
2025-01-29 08:10:40.624 - pandora.flipmount.FIO1 - INFO - Initializing FlipMountState FIO1.
2025-01-29 08:10:40.624 - pandora.flipmount.FIO1 - INFO - State changed to idle
2025-01-29 08:10:40.624 - pandora.flipmount.FIO1 - INFO - Querying Flip Mount state FIO1.
2025-01-29 08:10:40.629 - pandora.flipmount.FIO1 - INFO - State changed to on
2025-01-29 08:10:40.629 - pandora.flipmount.FIO1 - INFO - Flip Mount is already activated FIO1.
2025-01-29 08:10:40.734 - pandora.flipmount.FIO1 - INFO - Querying Flip Mount state FIO1.
2025-01-29 08:10:40.735 - pandora.flipmount.FIO1 - ERROR - Invalid state transition from on to on
2025-01-29 08:11:11.486 - pandora.flipmount.FIO1 - INFO - Initializing FlipMountState FIO1.
2025-01-29 08:11:11.487 - pandora.flipmount.FIO1 - INFO - State changed to idle
2025-01-29 08:11:11.487 - pandora.flipmount.FIO1 - INFO - Querying Flip Mount state FIO1.
2025-01-29 08:11:11.490 - pandora.flipmount.FIO1 - INFO - State changed to on
2025-01-29 08:11:11.490 - pandora.flipmount.FIO1 - INFO - Flip Mount is already activated FIO1.
2025-01-29 08:11:11.596 - pandora.flipmount.FIO1 - INFO - Querying Flip Mount state FIO1.
2025-01-29 08:11:11.596 - pandora.flipmount.FIO1 - ERROR - Invalid state transition from on to on
2025-01-29 08:11:24.020 - pandora.flipmount.FIO1 - INFO - Initializing FlipMountState FIO1.
2025-01-29 08:11:24.020 - pandora.flipmount.FIO1 - INFO - State changed to idle
2025-01-29 08:11:24.020 - pandora.flipmount.FIO1 - INFO - Querying Flip Mount state FIO1.
2025-01-29 08:11:24.024 - pandora.flipmount.FIO1 - INFO - State changed to on
2025-01-29 08:11:24.024 - pandora.flipmount.FIO1 - INFO - Deactivating Flip Mount FIO1.
2025-01-29 08:11:24.025 - pandora.flipmount.FIO1 - INFO - State changed to off
2025-01-29 08:11:24.130 - pandora.flipmount.FIO1 - INFO - Querying Flip Mount state FIO1.
2025-01-29 08:11:24.131 - pandora.flipmount.FIO1 - INFO - State changed to on
2025-01-29 08:11:32.419 - pandora.flipmount.FIO1 - INFO - Initializing FlipMountState FIO1.
2025-01-29 08:11:32.419 - pandora.flipmount.FIO1 - INFO - State changed to idle
2025-01-29 08:11:32.419 - pandora.flipmount.FIO1 - INFO - Querying Flip Mount state FIO1.
2025-01-29 08:11:32.424 - pandora.flipmount.FIO1 - INFO - State changed to on
2025-01-29 08:11:32.424 - pandora.flipmount.FIO1 - INFO - Deactivating Flip Mount FIO1.
2025-01-29 08:11:32.425 - pandora.flipmount.FIO1 - INFO - State changed to off
2025-01-29 08:11:39.346 - pandora.flipmount.FIO1 - INFO - Initializing FlipMountState FIO1.
2025-01-29 08:11:39.346 - pandora.flipmount.FIO1 - INFO - State changed to idle
2025-01-29 08:11:39.346 - pandora.flipmount.FIO1 - INFO - Querying Flip Mount state FIO1.
2025-01-29 08:11:39.352 - pandora.flipmount.FIO1 - INFO - State changed to on
2025-01-29 08:11:39.352 - pandora.flipmount.FIO1 - INFO - Flip Mount is already activated FIO1.
2025-01-29 08:12:15.272 - pandora.flipmount.FIO1 - INFO - Initializing FlipMountState FIO1.
2025-01-29 08:12:15.272 - pandora.flipmount.FIO1 - INFO - State changed to idle
2025-01-29 08:12:15.272 - pandora.flipmount.FIO1 - INFO - Querying Flip Mount state FIO1.
2025-01-29 08:12:15.277 - pandora.flipmount.FIO1 - INFO - State changed to off
2025-01-29 08:12:15.277 - pandora.flipmount.FIO1 - INFO - Activating Flip Mount FIO1.
2025-01-29 08:12:15.277 - pandora.flipmount.FIO1 - INFO - State changed to on
2025-01-29 08:12:43.720 - pandora.flipmount.FIO1 - INFO - Initializing FlipMountState FIO1.
2025-01-29 08:12:43.720 - pandora.flipmount.FIO1 - INFO - State changed to idle
2025-01-29 08:12:43.720 - pandora.flipmount.FIO1 - INFO - Querying Flip Mount state FIO1.
2025-01-29 08:12:43.725 - pandora.flipmount.FIO1 - INFO - State changed to off
2025-01-29 08:13:18.002 - pandora.flipmount.FIO1 - INFO - Initializing FlipMountState FIO1.
2025-01-29 08:13:18.002 - pandora.flipmount.FIO1 - INFO - State set to idle
2025-01-29 08:13:18.002 - pandora.flipmount.FIO1 - INFO - Querying Flip Mount state FIO1.
2025-01-29 08:13:18.007 - pandora.flipmount.FIO1 - INFO - State set to off
2025-01-29 08:13:18.007 - pandora.flipmount.FIO1 - INFO - Activating Flip Mount FIO1.
2025-01-29 08:13:18.008 - pandora.flipmount.FIO1 - INFO - State set to on
2025-01-29 08:13:34.249 - pandora.flipmount.FIO1 - INFO - Initializing FlipMountState FIO1.
2025-01-29 08:13:34.249 - pandora.flipmount.FIO1 - INFO - State set to idle
2025-01-29 08:13:34.249 - pandora.flipmount.FIO1 - INFO - Querying Flip Mount state FIO1.
2025-01-29 08:13:34.254 - pandora.flipmount.FIO1 - INFO - State set to off
2025-01-29 08:13:34.254 - pandora.flipmount.FIO1 - INFO - Activating Flip Mount FIO1.
2025-01-29 08:13:34.255 - pandora.flipmount.FIO1 - INFO - State set to on
2025-01-29 08:13:39.590 - pandora.flipmount.FIO1 - INFO - Initializing FlipMountState FIO1.
2025-01-29 08:13:39.590 - pandora.flipmount.FIO1 - INFO - State set to idle
2025-01-29 08:13:39.590 - pandora.flipmount.FIO1 - INFO - Querying Flip Mount state FIO1.
2025-01-29 08:13:39.594 - pandora.flipmount.FIO1 - INFO - State set to off
2025-01-29 08:13:39.594 - pandora.flipmount.FIO1 - INFO - Activating Flip Mount FIO1.
2025-01-29 08:13:39.595 - pandora.flipmount.FIO1 - INFO - State set to on
2025-01-29 08:13:44.982 - pandora.flipmount.FIO1 - INFO - Initializing FlipMountState FIO1.
2025-01-29 08:13:44.982 - pandora.flipmount.FIO1 - INFO - State set to idle
2025-01-29 08:13:44.982 - pandora.flipmount.FIO1 - INFO - Querying Flip Mount state FIO1.
2025-01-29 08:13:44.987 - pandora.flipmount.FIO1 - INFO - State set to off
2025-01-29 08:13:44.987 - pandora.flipmount.FIO1 - INFO - Activating Flip Mount FIO1.
2025-01-29 08:13:44.987 - pandora.flipmount.FIO1 - INFO - State set to on
2025-01-29 08:13:59.299 - pandora.flipmount.FIO1 - INFO - Initializing FlipMountState FIO1.
2025-01-29 08:13:59.299 - pandora.flipmount.FIO1 - INFO - State set to idle
2025-01-29 08:13:59.299 - pandora.flipmount.FIO1 - INFO - Querying Flip Mount state FIO1.
2025-01-29 08:13:59.304 - pandora.flipmount.FIO1 - INFO - State set to off
2025-01-29 08:13:59.304 - pandora.flipmount.FIO1 - INFO - Activating Flip Mount FIO1.
2025-01-29 08:13:59.305 - pandora.flipmount.FIO1 - INFO - State set to on
2025-01-29 08:14:12.409 - pandora.flipmount.FIO1 - INFO - Initializing FlipMountState FIO1.
2025-01-29 08:14:12.410 - pandora.flipmount.FIO1 - INFO - State set to idle
2025-01-29 08:14:12.410 - pandora.flipmount.FIO1 - INFO - Querying Flip Mount state FIO1.
2025-01-29 08:14:12.415 - pandora.flipmount.FIO1 - INFO - State set to off
2025-01-29 08:14:12.415 - pandora.flipmount.FIO1 - INFO - Flip Mount is already deactivated FIO1.
2025-01-29 08:14:23.477 - pandora.flipmount.FIO1 - INFO - Initializing FlipMountState FIO1.
2025-01-29 08:14:23.477 - pandora.flipmount.FIO1 - INFO - State set to idle
2025-01-29 08:14:23.477 - pandora.flipmount.FIO1 - INFO - Querying Flip Mount state FIO1.
2025-01-29 08:14:23.482 - pandora.flipmount.FIO1 - INFO - State set to off
2025-01-29 08:14:23.482 - pandora.flipmount.FIO1 - INFO - Activating Flip Mount FIO1.
2025-01-29 08:14:23.482 - pandora.flipmount.FIO1 - INFO - State set to on
2025-01-29 08:14:23.587 - pandora.flipmount.FIO1 - INFO - Deactivating Flip Mount FIO1.
2025-01-29 08:14:23.588 - pandora.flipmount.FIO1 - INFO - State set to off
2025-01-29 08:15:18.955 - pandora.flipmount.FIO1 - INFO - Initializing FlipMountState FIO1.
2025-01-29 08:15:18.955 - pandora.flipmount.FIO1 - INFO - State set to idle
2025-01-29 08:15:18.955 - pandora.flipmount.FIO1 - INFO - Querying Flip Mount state FIO1.
2025-01-29 08:15:18.960 - pandora.flipmount.FIO1 - INFO - State set to off
2025-01-29 08:15:18.960 - pandora.flipmount.FIO1 - INFO - Activating Flip Mount FIO1.
2025-01-29 08:15:18.961 - pandora.flipmount.FIO1 - INFO - State set to on
2025-01-29 08:15:19.066 - pandora.flipmount.FIO1 - INFO - Deactivating Flip Mount FIO1.
2025-01-29 08:15:19.066 - pandora.flipmount.FIO1 - INFO - State set to off
2025-01-29 08:15:21.898 - pandora.flipmount.FIO1 - INFO - Initializing FlipMountState FIO1.
2025-01-29 08:15:21.898 - pandora.flipmount.FIO1 - INFO - State set to idle
2025-01-29 08:15:21.898 - pandora.flipmount.FIO1 - INFO - Querying Flip Mount state FIO1.
2025-01-29 08:15:21.903 - pandora.flipmount.FIO1 - INFO - State set to off
2025-01-29 08:15:21.903 - pandora.flipmount.FIO1 - INFO - Activating Flip Mount FIO1.
2025-01-29 08:15:21.904 - pandora.flipmount.FIO1 - INFO - State set to on
2025-01-29 08:15:22.009 - pandora.flipmount.FIO1 - INFO - Deactivating Flip Mount FIO1.
2025-01-29 08:15:22.009 - pandora.flipmount.FIO1 - INFO - State set to off
2025-01-29 08:15:27.595 - pandora.flipmount.FIO1 - INFO - Initializing FlipMountState FIO1.
2025-01-29 08:15:27.595 - pandora.flipmount.FIO1 - INFO - State set to idle
2025-01-29 08:15:27.595 - pandora.flipmount.FIO1 - INFO - Querying Flip Mount state FIO1.
2025-01-29 08:15:27.600 - pandora.flipmount.FIO1 - INFO - State set to off
2025-01-29 08:15:27.600 - pandora.flipmount.FIO1 - INFO - Flip Mount is already deactivated FIO1.
2025-01-29 08:15:34.726 - pandora.flipmount.FIO1 - INFO - Initializing FlipMountState FIO1.
2025-01-29 08:15:34.726 - pandora.flipmount.FIO1 - INFO - State set to idle
2025-01-29 08:15:34.726 - pandora.flipmount.FIO1 - INFO - Querying Flip Mount state FIO1.
2025-01-29 08:15:34.731 - pandora.flipmount.FIO1 - INFO - State set to off
2025-01-29 08:15:34.731 - pandora.flipmount.FIO1 - INFO - Activating Flip Mount FIO1.
2025-01-29 08:15:34.732 - pandora.flipmount.FIO1 - INFO - State set to on
2025-01-29 08:15:43.626 - pandora.flipmount.FIO02 - INFO - Initializing FlipMountState FIO02.
2025-01-29 08:15:43.626 - pandora.flipmount.FIO02 - INFO - State set to idle
2025-01-29 08:15:43.626 - pandora.flipmount.FIO02 - INFO - Querying Flip Mount state FIO02.
2025-01-29 08:15:43.632 - pandora.flipmount.FIO02 - INFO - State set to off
2025-01-29 08:15:43.632 - pandora.flipmount.FIO02 - INFO - Activating Flip Mount FIO02.
2025-01-29 08:15:43.633 - pandora.flipmount.FIO02 - INFO - State set to on
2025-01-29 08:15:52.150 - pandora.flipmount.FIO02 - INFO - Initializing FlipMountState FIO02.
2025-01-29 08:15:52.150 - pandora.flipmount.FIO02 - INFO - State set to idle
2025-01-29 08:15:52.150 - pandora.flipmount.FIO02 - INFO - Querying Flip Mount state FIO02.
2025-01-29 08:15:52.155 - pandora.flipmount.FIO02 - INFO - State set to off
2025-01-29 08:15:52.155 - pandora.flipmount.FIO02 - INFO - Activating Flip Mount FIO02.
2025-01-29 08:15:52.155 - pandora.flipmount.FIO02 - INFO - State set to on
2025-01-29 08:15:52.155 - pandora.flipmount.FIO02 - INFO - Deactivating Flip Mount FIO02.
2025-01-29 08:15:52.156 - pandora.flipmount.FIO02 - INFO - State set to off
2025-01-29 08:20:13.228 - pandora.flipmount.FIO02 - INFO - Initializing FlipMountState FIO02.
2025-01-29 08:20:13.228 - pandora.flipmount.FIO02 - INFO - State set to idle
2025-01-29 08:20:13.228 - pandora.flipmount.FIO02 - INFO - Querying Flip Mount state FIO02.
2025-01-29 08:20:13.233 - pandora.flipmount.FIO02 - INFO - State set to on
2025-01-29 08:20:13.233 - pandora.flipmount.FIO02 - INFO - Flip Mount is already activated FIO02.
2025-01-29 08:20:41.897 - pandora.flipmount.FIO02 - INFO - Initializing FlipMountState FIO02.
2025-01-29 08:20:41.897 - pandora.flipmount.FIO02 - INFO - State set to idle
2025-01-29 08:20:41.897 - pandora.flipmount.FIO02 - INFO - Querying Flip Mount state FIO02.
2025-01-29 08:20:41.902 - pandora.flipmount.FIO02 - INFO - State set to off
2025-01-29 08:20:41.902 - pandora.flipmount.FIO02 - INFO - Activating Flip Mount FIO02.
2025-01-29 08:20:41.903 - pandora.flipmount.FIO02 - INFO - State set to on
2025-01-29 08:20:47.812 - pandora.flipmount.FIO02 - INFO - Initializing FlipMountState FIO02.
2025-01-29 08:20:47.812 - pandora.flipmount.FIO02 - INFO - State set to idle
2025-01-29 08:20:47.812 - pandora.flipmount.FIO02 - INFO - Querying Flip Mount state FIO02.
2025-01-29 08:20:47.817 - pandora.flipmount.FIO02 - INFO - State set to on
2025-01-29 08:20:47.817 - pandora.flipmount.FIO02 - INFO - Flip Mount is already activated FIO02.
2025-01-29 08:20:47.922 - pandora.flipmount.FIO02 - INFO - Deactivating Flip Mount FIO02.
2025-01-29 08:20:47.922 - pandora.flipmount.FIO02 - INFO - State set to off
2025-01-29 08:20:54.212 - pandora.flipmount.FIO02 - INFO - Initializing FlipMountState FIO02.
2025-01-29 08:20:54.212 - pandora.flipmount.FIO02 - INFO - State set to idle
2025-01-29 08:20:54.212 - pandora.flipmount.FIO02 - INFO - Querying Flip Mount state FIO02.
2025-01-29 08:20:54.216 - pandora.flipmount.FIO02 - INFO - State set to off
2025-01-29 08:20:54.216 - pandora.flipmount.FIO02 - INFO - Activating Flip Mount FIO02.
2025-01-29 08:20:54.216 - pandora.flipmount.FIO02 - INFO - State set to on
2025-01-29 08:20:54.321 - pandora.flipmount.FIO02 - INFO - Deactivating Flip Mount FIO02.
2025-01-29 08:20:54.322 - pandora.flipmount.FIO02 - INFO - State set to off
2025-01-29 08:20:54.427 - pandora.flipmount.FIO02 - INFO - Querying Flip Mount state FIO02.
2025-01-29 08:20:54.428 - pandora.flipmount.FIO02 - ERROR - Invalid state transition from off to off
2025-01-29 08:23:41.197 - pandora.flipmount.FIO02 - INFO - Initializing FlipMountState FIO02.
2025-01-29 08:23:41.197 - pandora.flipmount.FIO02 - INFO - State set to idle
2025-01-29 08:23:41.197 - pandora.flipmount.FIO02 - INFO - Querying Flip Mount state FIO02.
2025-01-29 08:23:41.202 - pandora.flipmount.FIO02 - INFO - State set to off
2025-01-29 08:23:41.202 - pandora.flipmount.FIO02 - INFO - Activating FlipMount FIO02.
2025-01-29 08:24:57.480 - pandora.flipmount.FIO02 - INFO - Initializing FlipMountState FIO02.
2025-01-29 08:24:57.480 - pandora.flipmount.FIO02 - INFO - State set to idle
2025-01-29 08:24:57.480 - pandora.flipmount.FIO02 - INFO - Querying Flip Mount state FIO02.
2025-01-29 08:24:57.484 - pandora.flipmount.FIO02 - INFO - State set to off
2025-01-29 08:24:57.484 - pandora.flipmount.FIO02 - INFO - Activating FlipMount FIO02.
2025-01-29 08:24:57.484 - pandora.flipmount.FIO02 - INFO - Activating Flip Mount FIO02.
2025-01-29 08:24:57.485 - pandora.flipmount.FIO02 - INFO - State set to on
2025-01-29 08:24:57.485 - pandora.flipmount.FIO02 - INFO - Deactivating FlipMount FIO02.
2025-01-29 08:24:57.485 - pandora.flipmount.FIO02 - INFO - Deactivating Flip Mount FIO02.
2025-01-29 08:24:57.485 - pandora.flipmount.FIO02 - INFO - State set to off
2025-01-29 08:24:57.485 - pandora.flipmount.FIO02 - INFO - Querying Flip Mount state FIO02.
2025-01-29 08:24:57.486 - pandora.flipmount.FIO02 - INFO - State set to off
2025-01-29 08:25:54.646 - pandora.flipmount.FIO02 - INFO - Initializing FlipMountState FIO02.
2025-01-29 08:25:54.646 - pandora.flipmount.FIO02 - INFO - State set to idle
2025-01-29 08:25:54.646 - pandora.flipmount.FIO02 - INFO - Querying Flip Mount state FIO02.
2025-01-29 08:25:54.651 - pandora.flipmount.FIO02 - INFO - State set to off
2025-01-29 08:25:54.651 - pandora.flipmount.FIO02 - INFO - Activating FlipMount FIO02.
2025-01-29 08:25:54.651 - pandora.flipmount.FIO02 - INFO - Activating Flip Mount FIO02.
2025-01-29 08:25:54.651 - pandora.flipmount.FIO02 - INFO - State set to on
2025-01-29 08:25:54.651 - pandora.flipmount.FIO02 - INFO - Deactivating FlipMount FIO02.
2025-01-29 08:25:54.651 - pandora.flipmount.FIO02 - INFO - Deactivating Flip Mount FIO02.
2025-01-29 08:25:54.652 - pandora.flipmount.FIO02 - INFO - State set to off
2025-01-29 08:25:54.652 - pandora.flipmount.FIO02 - INFO - Querying Flip Mount state FIO02.
2025-01-29 08:25:54.652 - pandora.flipmount.FIO02 - INFO - State set to off
2025-01-29 08:26:19.547 - pandora.flipmount.FIO02 - INFO - Initializing FlipMountState FIO02.
2025-01-29 08:26:19.547 - pandora.flipmount.FIO02 - INFO - Querying Flip Mount state FIO02.
2025-01-29 08:26:19.551 - pandora.flipmount.FIO02 - INFO - Activating FlipMount FIO02.
2025-01-29 08:26:19.552 - pandora.flipmount.FIO02 - INFO - Activating Flip Mount FIO02.
2025-01-29 08:26:19.552 - pandora.flipmount.FIO02 - INFO - Deactivating FlipMount FIO02.
2025-01-29 08:26:19.552 - pandora.flipmount.FIO02 - INFO - Deactivating Flip Mount FIO02.
2025-01-29 08:26:19.552 - pandora.flipmount.FIO02 - INFO - Querying Flip Mount state FIO02.
2025-01-29 08:27:42.254 - pandora.flipmount.FIO02 - INFO - Initializing FlipMountState FIO02.
2025-01-29 08:27:48.605 - pandora.flipmount.FIO02 - INFO - Initializing FlipMountState FIO02.
2025-01-29 08:27:48.609 - pandora.flipmount.FIO02 - INFO - FlipMount state is off
2025-01-29 08:27:48.609 - pandora.flipmount.FIO02 - INFO - Activating FlipMount FIO02.
2025-01-29 08:27:48.609 - pandora.flipmount.FIO02 - INFO - Activating Flip Mount FIO02.
2025-01-29 08:27:48.610 - pandora.flipmount.FIO02 - INFO - Deactivating FlipMount FIO02.
2025-01-29 08:27:48.610 - pandora.flipmount.FIO02 - INFO - Deactivating Flip Mount FIO02.
2025-01-29 08:27:48.610 - pandora.flipmount.FIO02 - INFO - FlipMount state is off
2025-01-29 08:28:17.365 - pandora.flipmount.FIO02 - INFO - Initializing FlipMount FIO02.
2025-01-29 08:28:17.370 - pandora.flipmount.FIO02 - INFO - FlipMount state is off
2025-01-29 08:28:17.371 - pandora.flipmount.FIO02 - INFO - Activating FlipMount FIO02.
2025-01-29 08:28:17.371 - pandora.flipmount.FIO02 - INFO - Activating Flip Mount FIO02.
2025-01-29 08:28:17.371 - pandora.flipmount.FIO02 - INFO - Deactivating FlipMount FIO02.
2025-01-29 08:28:17.371 - pandora.flipmount.FIO02 - INFO - Deactivating Flip Mount FIO02.
2025-01-29 08:28:17.372 - pandora.flipmount.FIO02 - INFO - FlipMount state is off
2025-01-29 08:28:39.957 - pandora.flipmount.FIO02 - INFO - Initializing FlipMount FIO02.
2025-01-29 08:28:39.961 - pandora.flipmount.FIO02 - INFO - FlipMount state is off
2025-01-29 08:28:39.962 - pandora.flipmount.FIO02 - INFO - Activating FlipMount FIO02.
2025-01-29 08:28:39.962 - pandora.flipmount.FIO02 - INFO - Deactivating FlipMount FIO02.
2025-01-29 08:28:39.962 - pandora.flipmount.FIO02 - INFO - Deactivating Flip Mount FIO02.
2025-01-29 08:28:39.963 - pandora.flipmount.FIO02 - INFO - FlipMount state is off
2025-01-29 08:28:47.671 - pandora.flipmount.FIO02 - INFO - Initializing FlipMount FIO02.
2025-01-29 08:28:47.676 - pandora.flipmount.FIO02 - INFO - FlipMount state is off
2025-01-29 08:28:47.676 - pandora.flipmount.FIO02 - INFO - Activating FlipMount FIO02.
2025-01-29 08:28:47.676 - pandora.flipmount.FIO02 - INFO - Deactivating FlipMount FIO02.
2025-01-29 08:28:47.677 - pandora.flipmount.FIO02 - INFO - FlipMount state is off
2025-01-29 08:29:08.355 - pandora.flipmount.FIO02 - INFO - Initializing FlipMount FIO02.
2025-01-29 08:29:08.361 - pandora.flipmount.FIO02 - INFO - FlipMount state is off
2025-01-29 08:29:08.361 - pandora.flipmount.FIO02 - INFO - Activating FlipMount FIO02.
2025-01-29 08:29:08.361 - pandora.flipmount.FIO02 - INFO - Deactivating FlipMount FIO02.
2025-01-29 08:29:08.362 - pandora.flipmount.FIO02 - INFO - FlipMount state is off
2025-01-29 08:29:17.717 - pandora.flipmount.FIO02 - INFO - Initializing FlipMount FIO02.
2025-01-29 08:29:17.722 - pandora.flipmount.FIO02 - INFO - FlipMount state is off
2025-01-29 08:29:17.722 - pandora.flipmount.FIO02 - INFO - Activating FlipMount FIO02.
2025-01-29 08:29:17.723 - pandora.flipmount.FIO02 - INFO - Deactivating FlipMount FIO02.
2025-01-29 08:29:17.723 - pandora.flipmount.FIO02 - INFO - FlipMount state is off
2025-01-29 08:29:48.456 - pandora.flipmount.FIO02 - INFO - Initializing FlipMount FIO02.
2025-01-29 08:29:48.461 - pandora.flipmount.FIO02 - INFO - FlipMount state is off
2025-01-29 08:29:48.461 - pandora.flipmount.FIO02 - INFO - Activating FlipMount FIO02.
2025-01-29 08:29:48.461 - pandora.flipmount.FIO02 - WARNING - Operation too fast FIO02.
2025-01-29 08:29:48.461 - pandora.flipmount.FIO02 - INFO - Deactivating FlipMount FIO02.
2025-01-29 08:29:48.461 - pandora.flipmount.FIO02 - WARNING - Operation too fast FIO02.
2025-01-29 08:29:48.462 - pandora.flipmount.FIO02 - INFO - FlipMount state is off
2025-01-29 08:30:24.507 - pandora.flipmount.FIO02 - INFO - Initializing FlipMount FIO02.
2025-01-29 08:30:24.511 - pandora.flipmount.FIO02 - INFO - FlipMount state is off
2025-01-29 08:30:24.511 - pandora.flipmount.FIO02 - INFO - Activating FlipMount FIO02.
2025-01-29 08:30:24.511 - pandora.flipmount.FIO02 - WARNING - Operation too fast FIO02.
2025-01-29 08:30:24.512 - pandora.flipmount.FIO02 - INFO - Deactivating FlipMount FIO02.
2025-01-29 08:30:24.512 - pandora.flipmount.FIO02 - WARNING - Operation too fast FIO02.
2025-01-29 08:30:24.512 - pandora.flipmount.FIO02 - WARNING - System sleeped for 0.00 seconds.
2025-01-29 08:30:24.513 - pandora.flipmount.FIO02 - INFO - FlipMount state is off
2025-01-29 08:31:21.803 - pandora.flipmount.FIO02 - INFO - Initializing FlipMount FIO02.
2025-01-29 08:31:21.808 - pandora.flipmount.FIO02 - INFO - FlipMount state is off
2025-01-29 08:31:21.808 - pandora.flipmount.FIO02 - INFO - Activating FlipMount FIO02.
2025-01-29 08:31:21.809 - pandora.flipmount.FIO02 - INFO - Deactivating FlipMount FIO02.
2025-01-29 08:31:21.809 - pandora.flipmount.FIO02 - INFO - FlipMount state is off
2025-01-29 08:31:39.523 - pandora.flipmount.FIO02 - INFO - Initializing FlipMount FIO02.
2025-01-29 08:31:39.528 - pandora.flipmount.FIO02 - INFO - FlipMount state is off
2025-01-29 08:31:39.528 - pandora.flipmount.FIO02 - INFO - Activating FlipMount FIO02.
2025-01-29 08:31:39.528 - pandora.flipmount.FIO02 - WARNING - Operation too fast FIO02.
2025-01-29 08:31:39.541 - pandora.flipmount.FIO02 - INFO - Deactivating FlipMount FIO02.
2025-01-29 08:31:39.541 - pandora.flipmount.FIO02 - WARNING - Operation too fast FIO02.
2025-01-29 08:31:39.553 - pandora.flipmount.FIO02 - WARNING - System sleeped for 0.01 seconds.
2025-01-29 08:31:39.555 - pandora.flipmount.FIO02 - INFO - FlipMount state is off
2025-01-29 08:31:57.704 - pandora.flipmount.FIO02 - INFO - Initializing FlipMount FIO02.
2025-01-29 08:31:57.709 - pandora.flipmount.FIO02 - INFO - FlipMount state is off
2025-01-29 08:31:57.709 - pandora.flipmount.FIO02 - INFO - Activating FlipMount FIO02.
2025-01-29 08:31:57.709 - pandora.flipmount.FIO02 - WARNING - Operation too fast FIO02.
2025-01-29 08:31:57.722 - pandora.flipmount.FIO02 - INFO - Deactivating FlipMount FIO02.
2025-01-29 08:31:57.722 - pandora.flipmount.FIO02 - WARNING - Operation too fast FIO02.
2025-01-29 08:31:57.735 - pandora.flipmount.FIO02 - WARNING - System sleeped for 0.01 seconds.
2025-01-29 08:31:57.736 - pandora.flipmount.FIO02 - INFO - FlipMount state is off
2025-01-29 08:32:07.707 - pandora.flipmount.FIO02 - INFO - Initializing FlipMount FIO02.
2025-01-29 08:32:07.712 - pandora.flipmount.FIO02 - INFO - FlipMount state is off
2025-01-29 08:32:07.712 - pandora.flipmount.FIO02 - INFO - Activating FlipMount FIO02.
2025-01-29 08:32:07.712 - pandora.flipmount.FIO02 - WARNING - Operation too fast FIO02.
2025-01-29 08:32:07.818 - pandora.flipmount.FIO02 - INFO - Deactivating FlipMount FIO02.
2025-01-29 08:32:07.818 - pandora.flipmount.FIO02 - WARNING - Operation too fast FIO02.
2025-01-29 08:32:07.923 - pandora.flipmount.FIO02 - WARNING - System sleeped for 0.10 seconds.
2025-01-29 08:32:07.924 - pandora.flipmount.FIO02 - INFO - FlipMount state is off
2025-01-29 08:32:15.879 - pandora.flipmount.FIO02 - INFO - Initializing FlipMount FIO02.
2025-01-29 08:32:15.885 - pandora.flipmount.FIO02 - INFO - FlipMount state is off
2025-01-29 08:32:15.885 - pandora.flipmount.FIO02 - INFO - Activating FlipMount FIO02.
2025-01-29 08:32:15.885 - pandora.flipmount.FIO02 - WARNING - Operation too fast FIO02.
2025-01-29 08:32:16.891 - pandora.flipmount.FIO02 - INFO - Deactivating FlipMount FIO02.
2025-01-29 08:32:16.891 - pandora.flipmount.FIO02 - WARNING - Operation too fast FIO02.
2025-01-29 08:32:17.896 - pandora.flipmount.FIO02 - WARNING - System sleeped for 1.00 seconds.
2025-01-29 08:32:17.898 - pandora.flipmount.FIO02 - INFO - FlipMount state is off
2025-01-29 08:32:22.751 - pandora.flipmount.FIO02 - INFO - Initializing FlipMount FIO02.
2025-01-29 08:32:22.756 - pandora.flipmount.FIO02 - INFO - FlipMount state is off
2025-01-29 08:32:22.756 - pandora.flipmount.FIO02 - INFO - Activating FlipMount FIO02.
2025-01-29 08:32:22.756 - pandora.flipmount.FIO02 - WARNING - Operation too fast FIO02.
2025-01-29 08:32:22.962 - pandora.flipmount.FIO02 - INFO - Deactivating FlipMount FIO02.
2025-01-29 08:32:22.962 - pandora.flipmount.FIO02 - WARNING - Operation too fast FIO02.
2025-01-29 08:32:23.166 - pandora.flipmount.FIO02 - WARNING - System sleeped for 0.20 seconds.
2025-01-29 08:32:23.168 - pandora.flipmount.FIO02 - INFO - FlipMount state is off
2025-01-29 08:32:37.658 - pandora.flipmount.FIO02 - INFO - Initializing FlipMount FIO02.
2025-01-29 08:32:37.663 - pandora.flipmount.FIO02 - INFO - FlipMount state is off
2025-01-29 08:32:37.663 - pandora.flipmount.FIO02 - INFO - Activating FlipMount FIO02.
2025-01-29 08:32:37.663 - pandora.flipmount.FIO02 - WARNING - Operation too fast FIO02.
2025-01-29 08:32:38.169 - pandora.flipmount.FIO02 - INFO - Deactivating FlipMount FIO02.
2025-01-29 08:32:38.169 - pandora.flipmount.FIO02 - WARNING - Operation too fast FIO02.
2025-01-29 08:32:38.669 - pandora.flipmount.FIO02 - WARNING - System sleeped for 0.50 seconds.
2025-01-29 08:32:38.670 - pandora.flipmount.FIO02 - INFO - FlipMount state is off
2025-01-29 08:33:09.512 - pandora.flipmount.FIO02 - INFO - Initializing FlipMount FIO02.
2025-01-29 08:33:09.516 - pandora.flipmount.FIO02 - INFO - FlipMount state is off
2025-01-29 08:33:09.516 - pandora.flipmount.FIO02 - INFO - Activating FlipMount FIO02.
2025-01-29 08:33:09.516 - pandora.flipmount.FIO02 - WARNING - Operation too fast FIO02.
2025-01-29 08:33:10.022 - pandora.flipmount.FIO02 - INFO - Deactivating FlipMount FIO02.
2025-01-29 08:33:10.023 - pandora.flipmount.FIO02 - WARNING - Operation too fast FIO02.
2025-01-29 08:33:10.523 - pandora.flipmount.FIO02 - WARNING - System sleeped for 0.50 seconds.
2025-01-29 08:33:10.525 - pandora.flipmount.FIO02 - INFO - FlipMount state is off
2025-01-29 08:33:10.526 - pandora.flipmount.FIO02 - INFO - Closing Flip Mount FIO02.
2025-01-29 08:33:10.526 - pandora.flipmount.FIO02 - INFO - Deactivating FlipMount FIO02.
2025-01-29 08:33:10.526 - pandora.flipmount.FIO02 - WARNING - Operation too fast FIO02.
2025-01-29 08:33:11.030 - pandora.flipmount.FIO02 - WARNING - System sleeped for 0.50 seconds.
2025-01-29 08:33:11.030 - pandora.flipmount.FIO02 - INFO - Flip Mount is already deactivated FIO02.
2025-01-29 08:33:11.030 - pandora.flipmount.FIO02 - ERROR - Invalid state transition from off to idle
2025-01-29 08:33:11.030 - pandora.flipmount.FIO02 - ERROR - Invalid state transition from off to uninitialized
2025-01-29 08:33:55.339 - pandora.flipmount.FIO02 - INFO - Initializing FlipMount FIO02.
2025-01-29 08:33:55.344 - pandora.flipmount.FIO02 - INFO - FlipMount state is off
2025-01-29 08:33:55.344 - pandora.flipmount.FIO02 - INFO - Activating FlipMount FIO02.
2025-01-29 08:33:55.344 - pandora.flipmount.FIO02 - WARNING - Operation too fast FIO02.
2025-01-29 08:33:55.850 - pandora.flipmount.FIO02 - INFO - Deactivating FlipMount FIO02.
2025-01-29 08:33:55.850 - pandora.flipmount.FIO02 - WARNING - Operation too fast FIO02.
2025-01-29 08:33:56.355 - pandora.flipmount.FIO02 - WARNING - System sleeped for 0.50 seconds.
2025-01-29 08:33:56.356 - pandora.flipmount.FIO02 - INFO - FlipMount state is off
2025-01-29 08:33:56.357 - pandora.flipmount.FIO02 - INFO - Closing Flip Mount FIO02.
2025-01-29 08:33:56.357 - pandora.flipmount.FIO02 - INFO - Deactivating FlipMount FIO02.
2025-01-29 08:33:56.357 - pandora.flipmount.FIO02 - WARNING - Operation too fast FIO02.
2025-01-29 08:33:56.858 - pandora.flipmount.FIO02 - WARNING - System sleeped for 0.50 seconds.
2025-01-29 08:33:56.858 - pandora.flipmount.FIO02 - INFO - Flip Mount is already deactivated FIO02.
2025-01-29 08:34:52.158 - pandora.flipmount.FIO02 - INFO - Initializing FlipMount FIO02.
2025-01-29 08:34:52.158 - pandora.flipmount.FIO02 - DEBUG - State set to idle
2025-01-29 08:34:52.158 - pandora.flipmount.FIO02 - DEBUG - Querying Flip Mount state FIO02.
2025-01-29 08:34:52.162 - pandora.flipmount.FIO02 - DEBUG - State set to off
2025-01-29 08:34:52.162 - pandora.flipmount.FIO02 - INFO - FlipMount state is off
2025-01-29 08:34:52.162 - pandora.flipmount.FIO02 - INFO - Activating FlipMount FIO02.
2025-01-29 08:34:52.162 - pandora.flipmount.FIO02 - WARNING - Operation too fast FIO02.
2025-01-29 08:34:52.667 - pandora.flipmount.FIO02 - DEBUG - System sleeped for 0.50 seconds.
2025-01-29 08:34:52.669 - pandora.flipmount.FIO02 - DEBUG - State set to on
2025-01-29 08:34:52.669 - pandora.flipmount.FIO02 - INFO - Deactivating FlipMount FIO02.
2025-01-29 08:34:52.669 - pandora.flipmount.FIO02 - WARNING - Operation too fast FIO02.
2025-01-29 08:34:53.174 - pandora.flipmount.FIO02 - WARNING - System sleeped for 0.50 seconds.
2025-01-29 08:34:53.175 - pandora.flipmount.FIO02 - DEBUG - State set to off
2025-01-29 08:34:53.175 - pandora.flipmount.FIO02 - DEBUG - Querying Flip Mount state FIO02.
2025-01-29 08:34:53.176 - pandora.flipmount.FIO02 - DEBUG - State set to off
2025-01-29 08:34:53.176 - pandora.flipmount.FIO02 - INFO - FlipMount state is off
2025-01-29 08:34:53.176 - pandora.flipmount.FIO02 - INFO - Closing Flip Mount FIO02.
2025-01-29 08:34:53.176 - pandora.flipmount.FIO02 - INFO - Deactivating FlipMount FIO02.
2025-01-29 08:34:53.176 - pandora.flipmount.FIO02 - WARNING - Operation too fast FIO02.
2025-01-29 08:34:53.680 - pandora.flipmount.FIO02 - WARNING - System sleeped for 0.50 seconds.
2025-01-29 08:34:53.681 - pandora.flipmount.FIO02 - INFO - Flip Mount is already deactivated FIO02.
2025-01-29 08:34:53.681 - pandora.flipmount.FIO02 - DEBUG - State set to uninitialized
2025-01-29 08:36:40.767 - pandora.flipmount.FIO02 - INFO - Initializing FlipMount FIO02.
2025-01-29 08:36:40.767 - pandora.flipmount.FIO02 - DEBUG - State set to idle
2025-01-29 08:36:40.767 - pandora.flipmount.FIO02 - DEBUG - Querying Flip Mount state FIO02.
2025-01-29 08:36:40.772 - pandora.flipmount.FIO02 - DEBUG - State set to off
2025-01-29 08:36:40.772 - pandora.flipmount.FIO02 - INFO - FlipMount state is off
2025-01-29 08:36:40.772 - pandora.flipmount.FIO02 - INFO - Activating FlipMount FIO02.
2025-01-29 08:36:40.772 - pandora.flipmount.FIO02 - WARNING - Operation too fast FIO02.
2025-01-29 08:36:41.277 - pandora.flipmount.FIO02 - DEBUG - System sleeped for 0.50 seconds.
2025-01-29 08:36:41.278 - pandora.flipmount.FIO02 - DEBUG - State set to on
2025-01-29 08:36:41.278 - pandora.flipmount.FIO02 - INFO - Deactivating FlipMount FIO02.
2025-01-29 08:36:41.278 - pandora.flipmount.FIO02 - WARNING - Operation too fast FIO02.
2025-01-29 08:36:41.783 - pandora.flipmount.FIO02 - WARNING - System sleeped for 0.50 seconds.
2025-01-29 08:36:41.784 - pandora.flipmount.FIO02 - DEBUG - State set to off
2025-01-29 08:36:41.785 - pandora.flipmount.FIO02 - DEBUG - Querying Flip Mount state FIO02.
2025-01-29 08:36:41.785 - pandora.flipmount.FIO02 - DEBUG - State set to off
2025-01-29 08:36:41.785 - pandora.flipmount.FIO02 - INFO - FlipMount state is off
2025-01-29 08:36:41.785 - pandora.flipmount.FIO02 - INFO - Closing Flip Mount FIO02.
2025-01-29 08:36:41.786 - pandora.flipmount.FIO02 - INFO - Deactivating FlipMount FIO02.
2025-01-29 08:36:41.786 - pandora.flipmount.FIO02 - WARNING - Operation too fast FIO02.
2025-01-29 08:36:42.285 - pandora.flipmount.FIO02 - WARNING - System sleeped for 0.50 seconds.
2025-01-29 08:36:42.285 - pandora.flipmount.FIO02 - INFO - Flip Mount is already deactivated FIO02.
2025-01-29 08:36:42.285 - pandora.flipmount.FIO02 - DEBUG - State set to uninitialized
2025-01-29 08:36:42.286 - pandora.flipmount.FIO02 - INFO - FlipMount state is uninitialized
2025-01-29 08:37:04.961 - pandora.flipmount.FIO02 - INFO - Initializing FlipMount FIO02.
2025-01-29 08:37:04.966 - pandora.flipmount.FIO02 - INFO - FlipMount state is off
2025-01-29 08:37:04.966 - pandora.flipmount.FIO02 - INFO - Activating FlipMount FIO02.
2025-01-29 08:37:04.966 - pandora.flipmount.FIO02 - WARNING - Operation too fast FIO02.
2025-01-29 08:37:05.472 - pandora.flipmount.FIO02 - INFO - Deactivating FlipMount FIO02.
2025-01-29 08:37:05.472 - pandora.flipmount.FIO02 - WARNING - Operation too fast FIO02.
2025-01-29 08:37:05.975 - pandora.flipmount.FIO02 - WARNING - System sleeped for 0.50 seconds.
2025-01-29 08:37:05.977 - pandora.flipmount.FIO02 - INFO - FlipMount state is off
2025-01-29 08:37:05.977 - pandora.flipmount.FIO02 - INFO - Closing Flip Mount FIO02.
2025-01-29 08:37:05.977 - pandora.flipmount.FIO02 - INFO - Deactivating FlipMount FIO02.
2025-01-29 08:37:05.977 - pandora.flipmount.FIO02 - WARNING - Operation too fast FIO02.
2025-01-29 08:37:06.477 - pandora.flipmount.FIO02 - WARNING - System sleeped for 0.50 seconds.
2025-01-29 08:37:06.477 - pandora.flipmount.FIO02 - INFO - Flip Mount is already deactivated FIO02.
2025-01-29 08:37:06.478 - pandora.flipmount.FIO02 - INFO - FlipMount state is uninitialized
2025-01-29 08:39:00.070 - pandora.flipmount.FIO02 - INFO - Initializing FlipMount FIO02.
2025-01-29 08:39:00.075 - pandora.flipmount.FIO02 - INFO - FlipMount state is off
2025-01-29 08:39:00.075 - pandora.flipmount.FIO02 - INFO - Activating FlipMount FIO02.
2025-01-29 08:39:00.075 - pandora.flipmount.FIO02 - WARNING - Operation too fast FIO02.
2025-01-29 08:39:00.581 - pandora.flipmount.FIO02 - INFO - Deactivating FlipMount FIO02.
2025-01-29 08:39:00.581 - pandora.flipmount.FIO02 - WARNING - Operation too fast FIO02.
2025-01-29 08:39:01.085 - pandora.flipmount.FIO02 - WARNING - System sleeped for 0.50 seconds.
2025-01-29 08:39:01.087 - pandora.flipmount.FIO02 - INFO - FlipMount state is off
2025-01-29 08:39:01.087 - pandora.flipmount.FIO02 - INFO - Closing Flip Mount FIO02.
2025-01-29 08:39:01.087 - pandora.flipmount.FIO02 - INFO - Deactivating FlipMount FIO02.
2025-01-29 08:39:01.087 - pandora.flipmount.FIO02 - WARNING - Operation too fast FIO02.
2025-01-29 08:39:01.591 - pandora.flipmount.FIO02 - WARNING - System sleeped for 0.50 seconds.
2025-01-29 08:39:01.592 - pandora.flipmount.FIO02 - INFO - Flip Mount is already deactivated FIO02.
2025-01-29 08:39:01.592 - pandora.flipmount.FIO02 - INFO - FlipMount state is uninitialized
2025-01-29 08:44:23.496 - pandora.flipmount.FIO02 - INFO - Initializing FlipMount FIO02.
2025-01-29 08:44:23.501 - pandora.flipmount.FIO02 - INFO - FlipMount state is off
2025-01-29 08:44:23.501 - pandora.flipmount.FIO02 - INFO - Activating FlipMount FIO02.
2025-01-29 08:44:23.501 - pandora.flipmount.FIO02 - WARNING - Operation too fast FIO02.
2025-01-29 08:44:24.006 - pandora.flipmount.FIO02 - INFO - Deactivating FlipMount FIO02.
2025-01-29 08:44:24.007 - pandora.flipmount.FIO02 - WARNING - Operation too fast FIO02.
2025-01-29 08:44:24.509 - pandora.flipmount.FIO02 - WARNING - System sleeped for 0.50 seconds.
2025-01-29 08:44:24.511 - pandora.flipmount.FIO02 - INFO - FlipMount state is off
2025-01-29 08:44:24.511 - pandora.flipmount.FIO02 - INFO - Closing Flip Mount FIO02.
2025-01-29 08:44:24.511 - pandora.flipmount.FIO02 - INFO - Deactivating FlipMount FIO02.
2025-01-29 08:44:24.511 - pandora.flipmount.FIO02 - WARNING - Operation too fast FIO02.
2025-01-29 08:44:25.016 - pandora.flipmount.FIO02 - WARNING - System sleeped for 0.50 seconds.
2025-01-29 08:44:25.016 - pandora.flipmount.FIO02 - INFO - Flip Mount is already deactivated FIO02.
2025-01-29 08:44:25.016 - pandora.flipmount.FIO02 - INFO - FlipMount state is uninitialized
2025-01-29 08:46:36.447 - pandora.flipmount.FIO01 - INFO - Initializing FlipMount FIO01.
2025-01-29 08:46:36.452 - pandora.flipmount.FIO01 - INFO - FlipMount state is on
2025-01-29 08:46:36.452 - pandora.flipmount.FIO02 - INFO - Initializing FlipMount FIO02.
2025-01-29 08:46:36.452 - pandora.flipmount.FIO02 - INFO - FlipMount state is off
2025-01-29 08:46:36.452 - pandora.flipmount.FIO03 - INFO - Initializing FlipMount FIO03.
2025-01-29 08:46:36.453 - pandora.flipmount.FIO03 - INFO - FlipMount state is on
2025-01-29 08:46:36.453 - pandora.flipmount.FIO01 - INFO - Activating FlipMount FIO01.
2025-01-29 08:46:36.453 - pandora.flipmount.FIO01 - WARNING - Operation too fast FIO01.
2025-01-29 08:46:36.957 - pandora.flipmount.FIO01 - INFO - Flip Mount is already activated FIO01.
2025-01-29 08:46:36.957 - pandora.flipmount.FIO02 - INFO - Activating FlipMount FIO02.
2025-01-29 08:46:36.958 - pandora.flipmount.FIO03 - INFO - Activating FlipMount FIO03.
2025-01-29 08:46:36.958 - pandora.flipmount.FIO03 - INFO - Flip Mount is already activated FIO03.
2025-01-29 08:46:38.960 - pandora.flipmount.FIO01 - INFO - Deactivating FlipMount FIO01.
2025-01-29 08:46:38.961 - pandora.flipmount.FIO02 - INFO - Deactivating FlipMount FIO02.
2025-01-29 08:46:38.961 - pandora.flipmount.FIO03 - INFO - Deactivating FlipMount FIO03.
2025-01-29 08:46:43.381 - pandora.flipmount.FIO01 - INFO - Initializing FlipMount FIO01.
2025-01-29 08:46:43.386 - pandora.flipmount.FIO01 - INFO - FlipMount state is off
2025-01-29 08:46:43.386 - pandora.flipmount.FIO02 - INFO - Initializing FlipMount FIO02.
2025-01-29 08:46:43.386 - pandora.flipmount.FIO02 - INFO - FlipMount state is off
2025-01-29 08:46:43.386 - pandora.flipmount.FIO03 - INFO - Initializing FlipMount FIO03.
2025-01-29 08:46:43.387 - pandora.flipmount.FIO03 - INFO - FlipMount state is off
2025-01-29 08:46:43.387 - pandora.flipmount.FIO01 - INFO - Activating FlipMount FIO01.
2025-01-29 08:46:43.387 - pandora.flipmount.FIO01 - WARNING - Operation too fast FIO01.
2025-01-29 08:46:43.892 - pandora.flipmount.FIO02 - INFO - Activating FlipMount FIO02.
2025-01-29 08:46:43.892 - pandora.flipmount.FIO03 - INFO - Activating FlipMount FIO03.
2025-01-29 08:46:45.898 - pandora.flipmount.FIO01 - INFO - Deactivating FlipMount FIO01.
2025-01-29 08:46:45.899 - pandora.flipmount.FIO02 - INFO - Deactivating FlipMount FIO02.
2025-01-29 08:46:45.901 - pandora.flipmount.FIO03 - INFO - Deactivating FlipMount FIO03.
2025-01-29 08:46:56.081 - pandora.flipmount.FIO01 - INFO - Initializing FlipMount FIO01.
2025-01-29 08:46:56.086 - pandora.flipmount.FIO01 - INFO - FlipMount state is off
2025-01-29 08:46:56.086 - pandora.flipmount.FIO02 - INFO - Initializing FlipMount FIO02.
2025-01-29 08:46:56.087 - pandora.flipmount.FIO02 - INFO - FlipMount state is off
2025-01-29 08:46:56.087 - pandora.flipmount.FIO03 - INFO - Initializing FlipMount FIO03.
2025-01-29 08:46:56.087 - pandora.flipmount.FIO03 - INFO - FlipMount state is off
2025-01-29 08:46:56.087 - pandora.flipmount.FIO01 - INFO - Activating FlipMount FIO01.
2025-01-29 08:46:56.087 - pandora.flipmount.FIO01 - WARNING - Operation too fast FIO01.
2025-01-29 08:46:56.592 - pandora.flipmount.FIO02 - INFO - Activating FlipMount FIO02.
2025-01-29 08:46:56.593 - pandora.flipmount.FIO03 - INFO - Activating FlipMount FIO03.
2025-01-29 08:46:58.599 - pandora.flipmount.FIO01 - INFO - Deactivating FlipMount FIO01.
2025-01-29 08:46:58.600 - pandora.flipmount.FIO02 - INFO - Deactivating FlipMount FIO02.
2025-01-29 08:46:58.601 - pandora.flipmount.FIO03 - INFO - Deactivating FlipMount FIO03.
2025-01-29 08:51:07.569 - pandora.flipmount.FIO01 - INFO - Initializing FlipMount FIO01.
2025-01-29 08:51:07.574 - pandora.flipmount.FIO01 - INFO - FlipMount state is off
2025-01-29 08:51:07.574 - pandora.flipmount.FIO02 - INFO - Initializing FlipMount FIO02.
2025-01-29 08:51:07.574 - pandora.flipmount.FIO02 - INFO - FlipMount state is off
2025-01-29 08:51:07.574 - pandora.flipmount.FIO03 - INFO - Initializing FlipMount FIO03.
2025-01-29 08:51:07.575 - pandora.flipmount.FIO03 - INFO - FlipMount state is off
2025-01-29 08:51:07.575 - pandora.flipmount.FIO01 - INFO - Activating FlipMount FIO01.
2025-01-29 08:51:07.575 - pandora.flipmount.FIO01 - WARNING - Operation too fast FIO01.
2025-01-29 08:51:08.080 - pandora.flipmount.FIO02 - INFO - Activating FlipMount FIO02.
2025-01-29 08:51:08.081 - pandora.flipmount.FIO03 - INFO - Activating FlipMount FIO03.
2025-01-29 08:51:10.084 - pandora.flipmount.FIO01 - INFO - Deactivating FlipMount FIO01.
2025-01-29 08:51:10.085 - pandora.flipmount.FIO02 - INFO - Deactivating FlipMount FIO02.
2025-01-29 08:51:10.086 - pandora.flipmount.FIO03 - INFO - Deactivating FlipMount FIO03.
2025-01-29 08:51:18.335 - pandora.flipmount.FIO01 - INFO - Initializing FlipMount FIO01.
2025-01-29 08:51:18.340 - pandora.flipmount.FIO01 - INFO - FlipMount state is off
2025-01-29 08:51:18.340 - pandora.flipmount.FIO02 - INFO - Initializing FlipMount FIO02.
2025-01-29 08:51:18.340 - pandora.flipmount.FIO02 - INFO - FlipMount state is off
2025-01-29 08:51:18.340 - pandora.flipmount.FIO03 - INFO - Initializing FlipMount FIO03.
2025-01-29 08:51:18.341 - pandora.flipmount.FIO03 - INFO - FlipMount state is off
2025-01-29 08:51:18.341 - pandora.flipmount.FIO01 - INFO - Activating FlipMount FIO01.
2025-01-29 08:51:18.341 - pandora.flipmount.FIO01 - WARNING - Operation too fast FIO01.
2025-01-29 08:51:18.846 - pandora.flipmount.FIO02 - INFO - Activating FlipMount FIO02.
2025-01-29 08:51:18.846 - pandora.flipmount.FIO03 - INFO - Activating FlipMount FIO03.
2025-01-29 08:51:20.849 - pandora.flipmount.FIO01 - INFO - Deactivating FlipMount FIO01.
2025-01-29 08:51:20.850 - pandora.flipmount.FIO02 - INFO - Deactivating FlipMount FIO02.
2025-01-29 08:51:20.851 - pandora.flipmount.FIO03 - INFO - Deactivating FlipMount FIO03.
2025-01-29 08:58:30.067 - pandora.flipmount.FIO01 - INFO - Initializing FlipMount FIO01.
2025-01-29 08:58:30.072 - pandora.flipmount.FIO01 - INFO - FlipMount state is off
2025-01-29 08:58:30.072 - pandora.flipmount.FIO02 - INFO - Initializing FlipMount FIO02.
2025-01-29 08:58:30.072 - pandora.flipmount.FIO02 - INFO - FlipMount state is off
2025-01-29 08:58:30.072 - pandora.flipmount.FIO03 - INFO - Initializing FlipMount FIO03.
2025-01-29 08:58:30.073 - pandora.flipmount.FIO03 - INFO - FlipMount state is off
2025-01-29 08:58:30.073 - pandora.flipmount.FIO01 - INFO - Activating FlipMount FIO01.
2025-01-29 08:58:30.073 - pandora.flipmount.FIO01 - WARNING - Operation too fast FIO01.
2025-01-29 08:58:30.578 - pandora.flipmount.FIO02 - INFO - Activating FlipMount FIO02.
2025-01-29 08:58:30.579 - pandora.flipmount.FIO03 - INFO - Activating FlipMount FIO03.
2025-01-29 08:58:32.585 - pandora.flipmount.FIO01 - INFO - Deactivating FlipMount FIO01.
2025-01-29 08:58:32.586 - pandora.flipmount.FIO02 - INFO - Deactivating FlipMount FIO02.
2025-01-29 08:58:32.586 - pandora.flipmount.FIO03 - INFO - Deactivating FlipMount FIO03.
